0.0001	-50.0862218	
0.0002	-57.5139687	
0.0003	-62.2096246	
0.0004	-64.8731214	
0.0005	-66.3798403	
0.0006	-67.2380657	
0.0007	-67.7169801	
0.0008	-67.9626955	
0.0009	-68.0579968	
0.0010	-68.0519835	
0.0011	-67.9751262	
0.0012	-67.8471837	
0.0013	-67.6815191	
0.0014	-67.487534	
0.0015	-67.2720882	
0.0016	-67.040352	
0.0017	-66.7963338	
0.0018	-66.5432159	
0.0019	-66.2835743	
0.0020	-66.0195266	
0.0021	-65.7528347	
0.0022	-65.4849783	
0.0023	-65.2172089	
0.0024	-64.9505902	
0.0025	-64.6860309	
0.0026	-64.4243087	
0.0027	-64.1660921	
0.0028	-63.9119567	
0.0029	-63.6623996	
0.0030	-63.4178516	
0.0031	-63.1786878	
0.0032	-62.9452357	
0.0033	-62.7177837	
0.0034	-62.4965867	
0.0035	-62.2818724	
0.0036	-62.0738454	
0.0037	-61.8726915	
0.0038	-61.6785804	
0.0039	-61.4916685	
0.0040	-61.3121009	
0.0041	-61.1400121	
0.0042	-60.9755275	
0.0043	-60.8187627	
0.0044	-60.6698242	
0.0045	-60.5288077	
0.0046	-60.3957977	
0.0047	-60.2708657	
0.0048	-60.1540681	
0.0049	-60.0454447	
0.0050	-59.9450158	
0.0051	-59.85278	
0.0052	-59.7687122	
0.0053	-59.6927603	
0.0054	-59.6248437	
0.0055	-59.5648513	
0.0056	-59.5126392	
0.0057	-59.4680303	
0.0058	-59.4308132	
0.0059	-59.4007423	
0.0060	-59.3775385	
0.0061	-59.3608903	
0.0062	-59.3504559	
0.0063	-59.345866	
0.0064	-59.3467269	
0.0065	-59.3526244	
0.0066	-59.3631281	
0.0067	-59.3777961	
0.0068	-59.3961796	
0.0069	-59.4178281	
0.0070	-59.4422938	
0.0071	-59.4691366	
0.0072	-59.4979283	
0.0073	-59.5282566	
0.0074	-59.5597285	
0.0075	-59.5919731	
0.0076	-59.6246445	
0.0077	-59.6574232	
0.0078	-59.6900173	
0.0079	-59.7221637	
0.0080	-59.753628	
0.0081	-59.7842043	
0.0082	-59.8137148	
0.0083	-59.8420084	
0.0084	-59.8689593	
0.0085	-59.8944657	
0.0086	-59.9184472	
0.0087	-59.9408417	
0.0088	-59.9616014	
0.0089	-59.9806859	
0.0090	-59.99805	
0.0091	-60.0136234	
0.0092	-60.0272706	
0.0093	-60.0387149	
0.0094	-60.0474095	
0.0095	-60.0522334	
0.0096	-60.0510117	
0.0097	-60.0396085	
0.0098	-60.0093349	
0.0099	-59.9451871	
0.0100	-59.8158304	
0.0101	-59.5568809	
0.0102	-59.0770838	
0.0103	-58.0940168	
0.0104	-56.242084	
0.0105	-52.8860808	
0.0106	-44.9606868	
0.0107	-31.7509757	
0.0108	7.2358983	
0.0109	37.0529907	
0.0110	19.6525949	
0.0111	-1.2089222	
0.0112	-19.8291884	
0.0113	-36.5202074	
0.0114	-53.3814818	
0.0115	-64.933968	
0.0116	-68.7982437	
0.0117	-69.9845061	
0.0118	-70.3485457	
0.0119	-70.4098016	
0.0120	-70.3363667	
0.0121	-70.1911134	
0.0122	-70.0009248	
0.0123	-69.7789354	
0.0124	-69.5325363	
0.0125	-69.2665364	
0.0126	-68.9845015	
0.0127	-68.6893489	
0.0128	-68.3836176	
0.0129	-68.0695909	
0.0130	-67.7493497	
0.0131	-67.4247953	
0.0132	-67.0976584	
0.0133	-66.7695043	
0.0134	-66.4417378	
0.0135	-66.1156086	
0.0136	-65.7922199	
0.0137	-65.4725372	
0.0138	-65.1573998	
0.0139	-64.8475317	
0.0140	-64.5435539	
0.0141	-64.2459961	
0.0142	-63.9553082	
0.0143	-63.6718712	
0.0144	-63.3960077	
0.0145	-63.1279911	
0.0146	-62.8680539	
0.0147	-62.6163956	
0.0148	-62.3731892	
0.0149	-62.1385871	
0.0150	-61.9127252	
0.0151	-61.6957279	
0.0152	-61.4877099	
0.0153	-61.2887794	
0.0154	-61.0990385	
0.0155	-60.9185848	
0.0156	-60.74751	
0.0157	-60.5859	
0.0158	-60.4338327	
0.0159	-60.2913761	
0.0160	-60.158585	
0.0161	-60.0354985	
0.0162	-59.9221357	
0.0163	-59.8184923	
0.0164	-59.7245361	
0.0165	-59.6402032	
0.0166	-59.5653946	
0.0167	-59.4999718	
0.0168	-59.4437547	
0.0169	-59.3965191	
0.0170	-59.3579952	
0.0171	-59.3278673	
0.0172	-59.3057747	
0.0173	-59.291313	
0.0174	-59.2840378	
0.0175	-59.2834683	
0.0176	-59.2890923	
0.0177	-59.3003722	
0.0178	-59.3167514	
0.0179	-59.3376611	
0.0180	-59.3625271	
0.0181	-59.3907769	
0.0182	-59.4218452	
0.0183	-59.4551795	
0.0184	-59.4902419	
0.0185	-59.5265089	
0.0186	-59.5634625	
0.0187	-59.6005706	
0.0188	-59.6372412	
0.0189	-59.672735	
0.0190	-59.7059982	
0.0191	-59.7352761	
0.0192	-59.7575799	
0.0193	-59.7672209	
0.0194	-59.7531021	
0.0195	-59.6962576	
0.0196	-59.5525775	
0.0197	-59.249582	
0.0198	-58.6537073	
0.0199	-57.3839192	
0.0200	-55.1370725	
0.0201	-50.4784355	
0.0202	-40.6202977	
0.0203	-22.4429509	
0.0204	29.3633129	
0.0205	31.6018594	
0.0206	11.284814	
0.0207	-8.8710801	
0.0208	-26.529932	
0.0209	-43.1509554	
0.0210	-59.1268521	
0.0211	-67.0240742	
0.0212	-69.42854	
0.0213	-70.1826877	
0.0214	-70.3946056	
0.0215	-70.3912511	
0.0216	-70.2848784	
0.0217	-70.1197963	
0.0218	-69.9159651	
0.0219	-69.683686	
0.0220	-69.4290989	
0.0221	-69.1564217	
0.0222	-68.8689196	
0.0223	-68.5693402	
0.0224	-68.2601127	
0.0225	-67.9434365	
0.0226	-67.6213197	
0.0227	-67.2955951	
0.0228	-66.9679273	
0.0229	-66.6398169	
0.0230	-66.312606	
0.0231	-65.987485	
0.0232	-65.6655008	
0.0233	-65.3475674	
0.0234	-65.0344766	
0.0235	-64.72691	
0.0236	-64.4254507	
0.0237	-64.1305952	
0.0238	-63.8427648	
0.0239	-63.5623161	
0.0240	-63.2895509	
0.0241	-63.0247253	
0.0242	-62.768058	
0.0243	-62.5197372	
0.0244	-62.279927	
0.0245	-62.0487727	
0.0246	-61.8264053	
0.0247	-61.6129449	
0.0248	-61.4085036	
0.0249	-61.213187	
0.0250	-61.0270955	
0.0251	-60.8503244	
0.0252	-60.6829634	
0.0253	-60.5250956	
0.0254	-60.3767952	
0.0255	-60.2381256	
0.0256	-60.109136	
0.0257	-59.9898583	
0.0258	-59.8803029	
0.0259	-59.7804553	
0.0260	-59.6902717	
0.0261	-59.609675	
0.0262	-59.5385514	
0.0263	-59.4767468	
0.0264	-59.4240642	
0.0265	-59.3802621	
0.0266	-59.3450529	
0.0267	-59.3181036	
0.0268	-59.2990364	
0.0269	-59.2874313	
0.0270	-59.2828293	
0.0271	-59.2847372	
0.0272	-59.2926324	
0.0273	-59.3059699	
0.0274	-59.3241882	
0.0275	-59.3467171	
0.0276	-59.3729842	
0.0277	-59.4024229	
0.0278	-59.4344781	
0.0279	-59.4686131	
0.0280	-59.504315	
0.0281	-59.5410994	
0.0282	-59.5785143	
0.0283	-59.6161431	
0.0284	-59.6536068	
0.0285	-59.690565	
0.0286	-59.7267167	
0.0287	-59.7617999	
0.0288	-59.7955906	
0.0289	-59.8279017	
0.0290	-59.8585809	
0.0291	-59.8875091	
0.0292	-59.9145973	
0.0293	-59.9397847	
0.0294	-59.963036	
0.0295	-59.9843386	
0.0296	-60.0037002	
0.0297	-60.0211464	
0.0298	-60.036718	
0.0299	-60.0504691	
0.0300	-60.0624649	
0.0301	-60.0727796	
0.0302	-60.0814945	
0.0303	-60.0886969	
0.0304	-60.094478	
0.0305	-60.0989319	
0.0306	-60.1021543	
0.0307	-60.1042415	
0.0308	-60.1052895	
0.0309	-60.1053931	
0.0310	-60.1046453	
0.0311	-60.1031368	
0.0312	-60.100955	
0.0313	-60.0981844	
0.0314	-60.0949055	
0.0315	-60.0911951	
0.0316	-60.0871257	
0.0317	-60.0827654	
0.0318	-60.0781782	
0.0319	-60.0734233	
0.0320	-60.0685556	
0.0321	-60.0636256	
0.0322	-60.0586792	
0.0323	-60.0537581	
0.0324	-60.0488997	
0.0325	-60.0441373	
0.0326	-60.0395003	
0.0327	-60.0350141	
0.0328	-60.0307007	
0.0329	-60.0265784	
0.0330	-60.0226624	
0.0331	-60.0189646	
0.0332	-60.0154942	
0.0333	-60.0122576	
0.0334	-60.0092587	
0.0335	-60.0064993	
0.0336	-60.0039789	
0.0337	-60.0016952	
0.0338	-59.9996442	
0.0339	-59.9978204	
0.0340	-59.996217	
0.0341	-59.9948262	
0.0342	-59.9936389	
0.0343	-59.9926454	
0.0344	-59.9918355	
0.0345	-59.9911982	
0.0346	-59.9907222	
0.0347	-59.9903963	
0.0348	-59.9902086	
0.0349	-59.9901476	
0.0350	-59.9902017	
0.0351	-59.9903596	
0.0352	-59.99061	
0.0353	-59.9909422	
0.0354	-59.9913457	
0.0355	-59.9918103	
0.0356	-59.9923265	
0.0357	-59.9928852	
0.0358	-59.9934778	
0.0359	-59.9940963	
0.0360	-59.9947332	
0.0361	-59.9953815	
0.0362	-59.996035	
0.0363	-59.9966878	
0.0364	-59.9973347	
0.0365	-59.997971	
0.0366	-59.9985926	
0.0367	-59.9991959	
0.0368	-59.9997776	
0.0369	-60.0003353	
0.0370	-60.0008665	
0.0371	-60.0013695	
0.0372	-60.0018429	
0.0373	-60.0022854	
0.0374	-60.0026961	
0.0375	-60.0030742	
0.0376	-60.0034186	
0.0377	-60.0037279	
0.0378	-60.0040	
0.0379	-60.0042309	
0.0380	-60.0044138	
0.0381	-60.0045356	
0.0382	-60.0045712	
0.0383	-60.0044717	
0.0384	-60.0041426	
0.0385	-60.0033979	
0.0386	-60.0018753	
0.0387	-59.9988797	
0.0388	-59.9930155	
0.0389	-59.9816665	
0.0390	-59.9596831	
0.0391	-59.91661	
0.0392	-59.8345339	
0.0393	-59.6721967	
0.0394	-59.357921	
0.0395	-58.7682956	
0.0396	-57.53301	
0.0397	-55.3351062	
0.0398	-50.8824257	
0.0399	-41.1960613	
0.0400	-23.7077889	
0.0401	27.8740384	
0.0402	32.5720056	
0.0403	12.4323777	
0.0404	-7.8294161	
0.0405	-25.6049199	
0.0406	-42.213323	
0.0407	-58.4204954	
0.0408	-66.8005222	
0.0409	-69.3642571	
0.0410	-70.1657159	
0.0411	-70.3945579	
0.0412	-70.3985798	
0.0413	-70.2961299	
0.0414	-70.1335466	
0.0415	-69.9315419	
0.0416	-69.7007184	
0.0417	-69.4473446	
0.0418	-69.1756959	
0.0419	-68.8890645	
0.0420	-68.5902125	
0.0421	-68.2815783	
0.0422	-67.9653688	
0.0423	-67.6435996	
0.0424	-67.3181112	
0.0425	-66.9905763	
0.0426	-66.662504	
0.0427	-66.3352451	
0.0428	-66.0099983	
0.0429	-65.6878188	
0.0430	-65.3696282	
0.0431	-65.0562255	
0.0432	-64.7482989	
0.0433	-64.4464375	
0.0434	-64.1511432	
0.0435	-63.8628419	
0.0436	-63.5818941	
0.0437	-63.3086053	
0.0438	-63.0432346	
0.0439	-62.7860029	
0.0440	-62.5371006	
0.0441	-62.2966935	
0.0442	-62.0649281	
0.0443	-61.8419365	
0.0444	-61.6278398	
0.0445	-61.4227507	
0.0446	-61.2267754	
0.0447	-61.0400148	
0.0448	-60.8625649	
0.0449	-60.6945161	
0.0450	-60.5359521	
0.0451	-60.3869482	
0.0452	-60.2475689	
0.0453	-60.1178648	
0.0454	-59.9978694	
0.0455	-59.8875951	
0.0456	-59.7870296	
0.0457	-59.6961316	
0.0458	-59.614827	
0.0459	-59.5430049	
0.0460	-59.4805147	
0.0461	-59.4271628	
0.0462	-59.3827113	
0.0463	-59.3468764	
0.0464	-59.3193284	
0.0465	-59.2996931	
0.0466	-59.2875536	
0.0467	-59.2824539	
0.0468	-59.2839031	
0.0469	-59.2913808	
0.0470	-59.3043434	
0.0471	-59.3222305	
0.0472	-59.3444722	
0.0473	-59.3704961	
0.0474	-59.3997345	
0.0475	-59.4316315	
0.0476	-59.4656485	
0.0477	-59.5012706	
0.0478	-59.538011	
0.0479	-59.5754149	
0.0480	-59.6130629	
0.0481	-59.650573	
0.0482	-59.6876017	
0.0483	-59.723845	
0.0484	-59.7590377	
0.0485	-59.7929529	
0.0486	-59.8254009	
0.0487	-59.8562266	
0.0488	-59.8853083	
0.0489	-59.9125549	
0.0490	-59.9379036	
0.0491	-59.961317	
0.0492	-59.9827809	
0.0493	-60.0023016	
0.0494	-60.0199034	
0.0495	-60.0356261	
0.0496	-60.0495229	
0.0497	-60.061658	
0.0498	-60.0721052	
0.0499	-60.0809453	
0.0500	-60.0882652	
0.0501	-60.0941559	
0.0502	-60.0987112	
0.0503	-60.102027	
0.0504	-60.1041994	
0.0505	-60.1053244	
0.0506	-60.1054969	
0.0507	-60.1048096	
0.0508	-60.1033527	
0.0509	-60.101213	
0.0510	-60.0984732	
0.0511	-60.0952112	
0.0512	-60.0914986	
0.0513	-60.0873988	
0.0514	-60.0829632	
0.0515	-60.0782233	
0.0516	-60.0731767	
0.0517	-60.0677589	
0.0518	-60.0617859	
0.0519	-60.0548531	
0.0520	-60.0461259	
0.0521	-60.0339003	
0.0522	-60.0149944	
0.0523	-59.9827938	
0.0524	-59.9247878	
0.0525	-59.8182383	
0.0526	-59.6096761	
0.0527	-59.2208301	
0.0528	-58.4649639	
0.0529	-56.9307826	
0.0530	-54.2616077	
0.0531	-48.1749172	
0.0532	-36.9141305	
0.0533	-10.8922888	
0.0534	37.3666189	
0.0535	26.3413685	
0.0536	5.3931436	
0.0537	-14.0571091	
0.0538	-31.1546019	
0.0539	-47.9488731	
0.0540	-62.2940399	
0.0541	-68.0160329	
0.0542	-69.7412057	
0.0543	-70.2822231	
0.0544	-70.4136958	
0.0545	-70.3738645	
0.0546	-70.24781	
0.0547	-70.0703621	
0.0548	-69.8577973	
0.0549	-69.6188521	
0.0550	-69.3589515	
0.0551	-69.0819623	
0.0552	-68.7909626	
0.0553	-68.4885889	
0.0554	-68.177194	
0.0555	-67.8589174	
0.0556	-67.5357144	
0.0557	-67.2093684	
0.0558	-66.8814967	
0.0559	-66.5535548	
0.0560	-66.2268416	
0.0561	-65.902507	
0.0562	-65.5815602	
0.0563	-65.2648808	
0.0564	-64.9532295	
0.0565	-64.64726	
0.0566	-64.3475312	
0.0567	-64.0545184	
0.0568	-63.7686246	
0.0569	-63.4901909	
0.0570	-63.2195065	
0.0571	-62.9568169	
0.0572	-62.7023322	
0.0573	-62.4562338	
0.0574	-62.2186807	
0.0575	-61.9898143	
0.0576	-61.7697625	
0.0577	-61.5586436	
0.0578	-61.3565678	
0.0579	-61.1636398	
0.0580	-60.9799587	
0.0581	-60.8056189	
0.0582	-60.6407087	
0.0583	-60.4853094	
0.0584	-60.339493	
0.0585	-60.2033198	
0.0586	-60.0768352	
0.0587	-59.9600662	
0.0588	-59.8530176	
0.0589	-59.7556678	
0.0590	-59.6679651	
0.0591	-59.5898237	
0.0592	-59.52112	
0.0593	-59.4616892	
0.0594	-59.4113233	
0.0595	-59.3697693	
0.0596	-59.3367279	
0.0597	-59.3118548	
0.0598	-59.2947609	
0.0599	-59.2850162	
0.0600	-59.2821522	
0.0601	-59.2856678	
0.0602	-59.2950341	
0.0603	-59.3097009	
0.0604	-59.3291038	
0.0605	-59.3526712	
0.0606	-59.3798316	
0.0607	-59.4100202	
0.0608	-59.4426861	
0.0609	-59.4772981	
0.0610	-59.5133498	
0.0611	-59.5503648	
0.0612	-59.5878997	
0.0613	-59.6255472	
0.0614	-59.6629379	
0.0615	-59.6997415	
0.0616	-59.7356668	
0.0617	-59.7704615	
0.0618	-59.8039113	
0.0619	-59.835838	
0.0620	-59.8660981	
0.0621	-59.8945802	
0.0622	-59.9212029	
0.0623	-59.9459122	
0.0624	-59.9686787	
0.0625	-59.9894954	
0.0626	-60.0083748	
0.0627	-60.0253466	
0.0628	-60.0404553	
0.0629	-60.0537582	
0.0630	-60.0653228	
0.0631	-60.0752255	
0.0632	-60.0835493	
0.0633	-60.0903826	
0.0634	-60.0958177	
0.0635	-60.0999491	
0.0636	-60.1028729	
0.0637	-60.1046855	
0.0638	-60.1054827	
0.0639	-60.1053589	
0.0640	-60.1044067	
0.0641	-60.1027159	
0.0642	-60.1003734	
0.0643	-60.0974628	
0.0644	-60.0940636	
0.0645	-60.0902515	
0.0646	-60.0860981	
0.0647	-60.0816704	
0.0648	-60.0770312	
0.0649	-60.0722388	
0.0650	-60.0673468	
0.0651	-60.0624046	
0.0652	-60.0574572	
0.0653	-60.052545	
0.0654	-60.0477045	
0.0655	-60.0429679	
0.0656	-60.0383637	
0.0657	-60.0339164	
0.0658	-60.029647	
0.0659	-60.025573	
0.0660	-60.0217088	
0.0661	-60.0180656	
0.0662	-60.0146518	
0.0663	-60.0114732	
0.0664	-60.0085332	
0.0665	-60.0058329	
0.0666	-60.0033713	
0.0667	-60.0011458	
0.0668	-59.9991519	
0.0669	-59.9973837	
0.0670	-59.9958342	
0.0671	-59.9944951	
0.0672	-59.9933574	
0.0673	-59.9924111	
0.0674	-59.9916457	
0.0675	-59.9910502	
0.0676	-59.9906133	
0.0677	-59.9903235	
0.0678	-59.9901691	
0.0679	-59.9901386	
0.0680	-59.9902204	
0.0681	-59.9904031	
0.0682	-59.9906756	
0.0683	-59.9910272	
0.0684	-59.9914476	
0.0685	-59.9919267	
0.0686	-59.992455	
0.0687	-59.9930237	
0.0688	-59.9936241	
0.0689	-59.9942485	
0.0690	-59.9948895	
0.0691	-59.9955403	
0.0692	-59.9961946	
0.0693	-59.996847	
0.0694	-59.9974921	
0.0695	-59.9981256	
0.0696	-59.9987434	
0.0697	-59.999342	
0.0698	-59.9999184	
0.0699	-60.00047	
0.0700	-60.0009948	
0.0701	-60.001491	
0.0702	-60.0019574	
0.0703	-60.0023931	
0.0704	-60.0027974	
0.0705	-60.0031702	
0.0706	-60.0035113	
0.0707	-60.0038211	
0.0708	-60.0041001	
0.0709	-60.0043489	
0.0710	-60.0045684	
0.0711	-60.0047597	
0.0712	-60.0049239	
0.0713	-60.0050622	
0.0714	-60.0051761	
0.0715	-60.0052668	
0.0716	-60.005336	
0.0717	-60.0053851	
0.0718	-60.0054156	
0.0719	-60.0054291	
0.0720	-60.005427	
0.0721	-60.0054107	
0.0722	-60.0053818	
0.0723	-60.0053414	
0.0724	-60.0052906	
0.0725	-60.0052303	
0.0726	-60.0051608	
0.0727	-60.0050816	
0.0728	-60.0049913	
0.0729	-60.0048865	
0.0730	-60.0047604	
0.0731	-60.0045998	
0.0732	-60.0043794	
0.0733	-60.0040498	
0.0734	-60.0035156	
0.0735	-60.00259	
0.0736	-60.0009093	
0.0737	-59.9977765	
0.0738	-59.9917929	
0.0739	-59.9803376	
0.0740	-59.9582509	
0.0741	-59.9150613	
0.0742	-59.8328244	
0.0743	-59.670187	
0.0744	-59.3554104	
0.0745	-58.7646817	
0.0746	-57.5270375	
0.0747	-55.3256768	
0.0748	-50.8606748	
0.0749	-41.1594711	
0.0750	-23.6151998	
0.0751	28.0232572	
0.0752	32.5197444	
0.0753	12.3660993	
0.0754	-7.8888205	
0.0755	-25.6571385	
0.0756	-42.2663899	
0.0757	-58.4621127	
0.0758	-66.8143256	
0.0759	-69.3684995	
0.0760	-70.1670631	
0.0761	-70.3948539	
0.0762	-70.3984162	
0.0763	-70.2957262	
0.0764	-70.1329959	
0.0765	-69.9308891	
0.0766	-69.6999883	
0.0767	-69.4465532	
0.0768	-69.1748549	
0.0769	-68.8881832	
0.0770	-68.589299	
0.0771	-68.2806398	
0.0772	-67.9644117	
0.0773	-67.6426298	
0.0774	-67.3171341	
0.0775	-66.9895967	
0.0776	-66.6615263	
0.0777	-66.3342731	
0.0778	-66.0090352	
0.0779	-65.6868676	
0.0780	-65.3686913	
0.0781	-65.0553051	
0.0782	-64.7473968	
0.0783	-64.4455553	
0.0784	-64.1502821	
0.0785	-63.8620029	
0.0786	-63.5810782	
0.0787	-63.3078132	
0.0788	-63.0424669	
0.0789	-62.7852602	
0.0790	-62.5363832	
0.0791	-62.2960017	
0.0792	-62.0642623	
0.0793	-61.8412971	
0.0794	-61.6272269	
0.0795	-61.4221645	
0.0796	-61.2262161	
0.0797	-61.0394828	
0.0798	-60.8620602	
0.0799	-60.694039	
0.0800	-60.5355027	
0.0801	-60.3865266	
0.0802	-60.2471753	
0.0803	-60.1174992	
0.0804	-59.9975318	
0.0805	-59.8872855	
0.0806	-59.7867478	
0.0807	-59.6958775	
0.0808	-59.6146003	
0.0809	-59.5428052	
0.0810	-59.4803414	
0.0811	-59.4270153	
0.0812	-59.3825889	
0.0813	-59.3467781	
0.0814	-59.3192533	
0.0815	-59.29964	
0.0816	-59.2875213	
0.0817	-59.2824411	
0.0818	-59.2839083	
0.0819	-59.2914026	
0.0820	-59.3043802	
0.0821	-59.3222807	
0.0822	-59.3445341	
0.0823	-59.3705682	
0.0824	-59.3998152	
0.0825	-59.4317192	
0.0826	-59.4657418	
0.0827	-59.5013681	
0.0828	-59.5381113	
0.0829	-59.5755169	
0.0830	-59.6131654	
0.0831	-59.650675	
0.0832	-59.6877022	
0.0833	-59.7239432	
0.0834	-59.759133	
0.0835	-59.7930447	
0.0836	-59.8254886	
0.0837	-59.8563098	
0.0838	-59.8853868	
0.0839	-59.9126285	
0.0840	-59.937972	
0.0841	-59.9613801	
0.0842	-59.9828388	
0.0843	-60.0023543	
0.0844	-60.019951	
0.0845	-60.0356686	
0.0846	-60.0495605	
0.0847	-60.0616909	
0.0848	-60.0721335	
0.0849	-60.0809694	
0.0850	-60.0882852	
0.0851	-60.0941721	
0.0852	-60.098724	
0.0853	-60.1020366	
0.0854	-60.1042061	
0.0855	-60.1053288	
0.0856	-60.1054995	
0.0857	-60.1048115	
0.0858	-60.1033555	
0.0859	-60.1012194	
0.0860	-60.098488	
0.0861	-60.0952421	
0.0862	-60.0915587	
0.0863	-60.0875107	
0.0864	-60.0831668	
0.0865	-60.078591	
0.0866	-60.0738432	
0.0867	-60.0689784	
0.0868	-60.0640476	
0.0869	-60.0590971	
0.0870	-60.0541689	
0.0871	-60.0493007	
0.0872	-60.0445261	
0.0873	-60.0398749	
0.0874	-60.0353728	
0.0875	-60.031042	
0.0876	-60.0269012	
0.0877	-60.0229657	
0.0878	-60.0192478	
0.0879	-60.0157568	
0.0880	-60.0124993	
0.0881	-60.0094796	
0.0882	-60.0066994	
0.0883	-60.0041586	
0.0884	-60.0018548	
0.0885	-59.9997843	
0.0886	-59.9979416	
0.0887	-59.9963201	
0.0888	-59.9949119	
0.0889	-59.9937082	
0.0890	-59.9926993	
0.0891	-59.9918749	
0.0892	-59.9912241	
0.0893	-59.9907357	
0.0894	-59.9903983	
0.0895	-59.9902002	
0.0896	-59.9901298	
0.0897	-59.9901756	
0.0898	-59.9903261	
0.0899	-59.9905701	
0.0900	-59.9908968	
0.0901	-59.9912956	
0.0902	-59.9917564	
0.0903	-59.9922696	
0.0904	-59.9928261	
0.0905	-59.9934171	
0.0906	-59.9940347	
0.0907	-59.9946712	
0.0908	-59.9953198	
0.0909	-59.9959739	
0.0910	-59.9966278	
0.0911	-59.9972763	
0.0912	-59.9979144	
0.0913	-59.9985382	
0.0914	-59.9991439	
0.0915	-59.9997283	
0.0916	-60.0002887	
0.0917	-60.0008229	
0.0918	-60.0013291	
0.0919	-60.0018058	
0.0920	-60.0022521	
0.0921	-60.0026672	
0.0922	-60.0030507	
0.0923	-60.0034025	
0.0924	-60.0037229	
0.0925	-60.0040122	
0.0926	-60.0042712	
0.0927	-60.0045005	
0.0928	-60.0047012	
0.0929	-60.0048743	
0.0930	-60.0050212	
0.0931	-60.0051431	
0.0932	-60.0052415	
0.0933	-60.0053177	
0.0934	-60.0053734	
0.0935	-60.0054099	
0.0936	-60.0054289	
0.0937	-60.0054318	
0.0938	-60.0054202	
0.0939	-60.0053956	
0.0940	-60.0053593	
0.0941	-60.0053128	
0.0942	-60.0052574	
0.0943	-60.0051945	
0.0944	-60.0051252	
0.0945	-60.0050507	
0.0946	-60.0049722	
0.0947	-60.0048905	
0.0948	-60.0048068	
0.0949	-60.0047218	
0.0950	-60.0046364	
0.0951	-60.0045512	
0.0952	-60.004467	
0.0953	-60.0043843	
0.0954	-60.0043037	
0.0955	-60.0042256	
0.0956	-60.0041503	
0.0957	-60.0040783	
0.0958	-60.0040098	
0.0959	-60.003945	
0.0960	-60.0038841	
0.0961	-60.0038272	
0.0962	-60.0037743	
0.0963	-60.0037256	
0.0964	-60.003681	
0.0965	-60.0036405	
0.0966	-60.003604	
0.0967	-60.0035715	
0.0968	-60.0035427	
0.0969	-60.0035177	
0.0970	-60.0034962	
0.0971	-60.003478	
0.0972	-60.0034631	
0.0973	-60.0034512	
0.0974	-60.0034421	
0.0975	-60.0034357	
0.0976	-60.0034317	
0.0977	-60.0034299	
0.0978	-60.0034302	
0.0979	-60.0034323	
0.0980	-60.0034361	
0.0981	-60.0034413	
0.0982	-60.0034478	
0.0983	-60.0034555	
0.0984	-60.0034641	
0.0985	-60.0034734	
0.0986	-60.0034834	
0.0987	-60.003494	
0.0988	-60.0035048	
0.0989	-60.003516	
0.0990	-60.0035272	
0.0991	-60.0035385	
0.0992	-60.0035498	
0.0993	-60.0035609	
0.0994	-60.0035717	
0.0995	-60.0035823	
0.0996	-60.0035926	
0.0997	-60.0036024	
0.0998	-60.0036118	
0.0999	-60.0036208	
0.1000	-60.0036293	
0.1001	-60.0036372	
0.1002	-60.0036446	
0.1003	-60.0036515	
0.1004	-60.0036578	
0.1005	-60.0036636	
0.1006	-60.0036689	
0.1007	-60.0036736	
0.1008	-60.0036779	
0.1009	-60.0036816	
0.1010	-60.0036848	
0.1011	-60.0036876	
0.1012	-60.0036899	
0.1013	-60.0036919	
0.1014	-60.0036934	
0.1015	-60.0036945	
0.1016	-60.0036954	
0.1017	-60.0036959	
0.1018	-60.0036961	
0.1019	-60.003696	
0.1020	-60.0036957	
0.1021	-60.0036952	
0.1022	-60.0036945	
0.1023	-60.0036937	
0.1024	-60.0036926	
0.1025	-60.0036915	
0.1026	-60.0036903	
0.1027	-60.003689	
0.1028	-60.0036876	
0.1029	-60.0036861	
0.1030	-60.0036847	
0.1031	-60.0036832	
0.1032	-60.0036817	
0.1033	-60.0036801	
0.1034	-60.0036785	
0.1035	-60.0036768	
0.1036	-60.0036749	
0.1037	-60.0036725	
0.1038	-60.0036691	
0.1039	-60.003664	
0.1040	-60.0036557	
0.1041	-60.0036419	
0.1042	-60.0036186	
0.1043	-60.0035788	
0.1044	-60.0035103	
0.1045	-60.0033903	
0.1046	-60.0031752	
0.1047	-60.0027818	
0.1048	-60.0020483	
0.1049	-60.0006585	
0.1050	-59.9980097	
0.1051	-59.9928983	
0.1052	-59.9830247	
0.1053	-59.9640072	
0.1054	-59.9266944	
0.1055	-59.8552932	
0.1056	-59.7158217	
0.1057	-59.4410785	
0.1058	-58.9312141	
0.1059	-57.872319	
0.1060	-55.9115834	
0.1061	-52.2251117	
0.1062	-43.6277011	
0.1063	-29.165002	
0.1064	15.6222075	
0.1065	35.7632479	
0.1066	17.0044478	
0.1067	-3.6713026	
0.1068	-21.9660689	
0.1069	-38.5858711	
0.1070	-55.3355616	
0.1071	-65.7138489	
0.1072	-69.0352145	
0.1073	-70.0620082	
0.1074	-70.3708627	
0.1075	-70.4091496	
0.1076	-70.3242997	
0.1077	-70.1723784	
0.1078	-69.9777433	
0.1079	-69.7524959	
0.1080	-69.5035692	
0.1081	-69.2355533	
0.1082	-68.9519012	
0.1083	-68.6554662	
0.1084	-68.3487456	
0.1085	-68.0339916	
0.1086	-67.7132591	
0.1087	-67.3884255	
0.1088	-67.0611992	
0.1089	-66.7331241	
0.1090	-66.4055846	
0.1091	-66.0798114	
0.1092	-65.7568898	
0.1093	-65.4377693	
0.1094	-65.1232743	
0.1095	-64.8141158	
0.1096	-64.5109034	
0.1097	-64.2141565	
0.1098	-63.9243167	
0.1099	-63.6417577	
0.1100	-63.3667959	
0.1101	-63.0996997	
0.1102	-62.8406977	
0.1103	-62.5899862	
0.1104	-62.3477359	
0.1105	-62.1140969	
0.1106	-61.8892044	
0.1107	-61.6731813	
0.1108	-61.466142	
0.1109	-61.268194	
0.1110	-61.0794395	
0.1111	-60.8999755	
0.1112	-60.7298935	
0.1113	-60.569279	
0.1114	-60.4182093	
0.1115	-60.2767515	
0.1116	-60.1449593	
0.1117	-60.0228704	
0.1118	-59.9105021	
0.1119	-59.8078478	
0.1120	-59.7148727	
0.1121	-59.6315101	
0.1122	-59.5576575	
0.1123	-59.493173	
0.1124	-59.4378725	
0.1125	-59.3915277	
0.1126	-59.3538648	
0.1127	-59.3245639	
0.1128	-59.3032602	
0.1129	-59.2895458	
0.1130	-59.2829727	
0.1131	-59.2830571	
0.1132	-59.2892844	
0.1133	-59.3011154	
0.1134	-59.3179927	
0.1135	-59.3393477	
0.1136	-59.364608	
0.1137	-59.3932043	
0.1138	-59.4245774	
0.1139	-59.4581845	
0.1140	-59.4935052	
0.1141	-59.5300462	
0.1142	-59.5673455	
0.1143	-59.6049759	
0.1144	-59.6425471	
0.1145	-59.6797073	
0.1146	-59.7161439	
0.1147	-59.7515834	
0.1148	-59.7857909	
0.1149	-59.8185687	
0.1150	-59.8497545	
0.1151	-59.8792196	
0.1152	-59.9068665	
0.1153	-59.9326265	
0.1154	-59.9564571	
0.1155	-59.9783394	
0.1156	-59.9982754	
0.1157	-60.0162857	
0.1158	-60.032407	
0.1159	-60.0466899	
0.1160	-60.0591964	
0.1161	-60.0699985	
0.1162	-60.0791755	
0.1163	-60.0868133	
0.1164	-60.093002	
0.1165	-60.0978351	
0.1166	-60.101408	
0.1167	-60.103817	
0.1168	-60.1051584	
0.1169	-60.1055273	
0.1170	-60.1050175	
0.1171	-60.1037203	
0.1172	-60.1017243	
0.1173	-60.0991149	
0.1174	-60.0959739	
0.1175	-60.0923791	
0.1176	-60.0884043	
0.1177	-60.0841191	
0.1178	-60.0795886	
0.1179	-60.0748735	
0.1180	-60.07003	
0.1181	-60.0651098	
0.1182	-60.0601604	
0.1183	-60.0552244	
0.1184	-60.0503408	
0.1185	-60.0455439	
0.1186	-60.0408643	
0.1187	-60.0363286	
0.1188	-60.0319597	
0.1189	-60.027777	
0.1190	-60.0237966	
0.1191	-60.0200315	
0.1192	-60.0164914	
0.1193	-60.0131837	
0.1194	-60.010113	
0.1195	-60.0072816	
0.1196	-60.0046897	
0.1197	-60.0023355	
0.1198	-60.0002156	
0.1199	-59.9983247	
0.1200	-59.9966564	
0.1201	-59.9952031	
0.1202	-59.9939561	
0.1203	-59.9929057	
0.1204	-59.9920415	
0.1205	-59.9913521	
0.1206	-59.9908256	
0.1207	-59.990449	
0.1208	-59.9902083	
0.1209	-59.9900874	
0.1210	-59.9900673	
0.1211	-59.9901234	
0.1212	-59.9902194	
0.1213	-59.990297	
0.1214	-59.9902548	
0.1215	-59.9899053	
0.1216	-59.9888937	
0.1217	-59.9865511	
0.1218	-59.9815466	
0.1219	-59.9713764	
0.1220	-59.9511823	
0.1221	-59.9109809	
0.1222	-59.8336863	
0.1223	-59.6807747	
0.1224	-59.3820331	
0.1225	-58.8238518	
0.1226	-57.654374	
0.1227	-55.5460887	
0.1228	-51.3935303	
0.1229	-42.0827964	
0.1230	-25.8428221	
0.1231	23.9274836	
0.1232	33.8063271	
0.1233	14.0584438	
0.1234	-6.3638285	
0.1235	-24.3187496	
0.1236	-40.9155422	
0.1237	-57.3709796	
0.1238	-66.4462798	
0.1239	-69.2563506	
0.1240	-70.1318334	
0.1241	-70.3873265	
0.1242	-70.4029171	
0.1243	-70.306486	
0.1244	-70.1475891	
0.1245	-69.9481534	
0.1246	-69.719284	
0.1247	-69.4674735	
0.1248	-69.1971037	
0.1249	-68.9115217	
0.1250	-68.6135208	
0.1251	-68.3055598	
0.1252	-67.9898615	
0.1253	-67.6684554	
0.1254	-67.3431949	
0.1255	-67.0157655	
0.1256	-66.6876887	
0.1257	-66.3603269	
0.1258	-66.0348903	
0.1259	-65.7124447	
0.1260	-65.3939216	
0.1261	-65.0801289	
0.1262	-64.7717629	
0.1263	-64.4694199	
0.1264	-64.173608	
0.1265	-63.8847585	
0.1266	-63.6032367	
0.1267	-63.3293518	
0.1268	-63.0633663	
0.1269	-62.8055038	
0.1270	-62.5559566	
0.1271	-62.3148923	
0.1272	-62.0824588	
0.1273	-61.8587891	
0.1274	-61.6440049	
0.1275	-61.4382197	
0.1276	-61.24154	
0.1277	-61.0540672	
0.1278	-60.8758976	
0.1279	-60.7071221	
0.1280	-60.547825	
0.1281	-60.3980824	
0.1282	-60.2579596	
0.1283	-60.1275084	
0.1284	-60.0067638	
0.1285	-59.89574	
0.1286	-59.7944269	
0.1287	-59.7027853	
0.1288	-59.620744	
0.1289	-59.548195	
0.1290	-59.4849909	
0.1291	-59.4309415	
0.1292	-59.3858125	
0.1293	-59.3493234	
0.1294	-59.3211484	
0.1295	-59.3009164	
0.1296	-59.2882139	
0.1297	-59.2825877	
0.1298	-59.2835495	
0.1299	-59.2905809	
0.1300	-59.30314	
0.1301	-59.3206673	
0.1302	-59.3425934	
0.1303	-59.3683459	
0.1304	-59.3973566	
0.1305	-59.4290683	
0.1306	-59.4629409	
0.1307	-59.4984575	
0.1308	-59.5351289	
0.1309	-59.5724979	
0.1310	-59.6101421	
0.1311	-59.6476765	
0.1312	-59.6847548	
0.1313	-59.7210697	
0.1314	-59.7563531	
0.1315	-59.7903754	
0.1316	-59.8229437	
0.1317	-59.8539005	
0.1318	-59.8831216	
0.1319	-59.9105136	
0.1320	-59.9360114	
0.1321	-59.959576	
0.1322	-59.9811915	
0.1323	-60.0008625	
0.1324	-60.0186121	
0.1325	-60.034479	
0.1326	-60.0485153	
0.1327	-60.0607846	
0.1328	-60.0713599	
0.1329	-60.0803217	
0.1330	-60.0877563	
0.1331	-60.0937544	
0.1332	-60.0984099	
0.1333	-60.1018184	
0.1334	-60.1040761	
0.1335	-60.1052792	
0.1336	-60.1055228	
0.1337	-60.1049002	
0.1338	-60.1035024	
0.1339	-60.1014177	
0.1340	-60.0987309	
0.1341	-60.0955232	
0.1342	-60.091872	
0.1343	-60.0878506	
0.1344	-60.0835278	
0.1345	-60.0789681	
0.1346	-60.0742318	
0.1347	-60.0693744	
0.1348	-60.0644469	
0.1349	-60.0594962	
0.1350	-60.0545645	
0.1351	-60.04969	
0.1352	-60.0449066	
0.1353	-60.0402443	
0.1354	-60.0357292	
0.1355	-60.0313837	
0.1356	-60.0272269	
0.1357	-60.0232742	
0.1358	-60.0195383	
0.1359	-60.0160287	
0.1360	-60.0127522	
0.1361	-60.0097131	
0.1362	-60.0069136	
0.1363	-60.0043535	
0.1364	-60.0020307	
0.1365	-59.9999415	
0.1366	-59.9980807	
0.1367	-59.9964417	
0.1368	-59.9950166	
0.1369	-59.9937968	
0.1370	-59.9927726	
0.1371	-59.9919337	
0.1372	-59.9912693	
0.1373	-59.9907683	
0.1374	-59.9904192	
0.1375	-59.9902104	
0.1376	-59.9901302	
0.1377	-59.9901671	
0.1378	-59.9903096	
0.1379	-59.9905465	
0.1380	-59.990867	
0.1381	-59.9912604	
0.1382	-59.9917166	
0.1383	-59.992226	
0.1384	-59.9927794	
0.1385	-59.993368	
0.1386	-59.9939837	
0.1387	-59.9946191	
0.1388	-59.9952669	
0.1389	-59.9959209	
0.1390	-59.9965751	
0.1391	-59.9972242	
0.1392	-59.9978634	
0.1393	-59.9984885	
0.1394	-59.9990957	
0.1395	-59.999682	
0.1396	-60.0002445	
0.1397	-60.0007809	
0.1398	-60.0012894	
0.1399	-60.0017686	
0.1400	-60.0022174	
0.1401	-60.002635	
0.1402	-60.003021	
0.1403	-60.0033755	
0.1404	-60.0036984	
0.1405	-60.0039902	
0.1406	-60.0042516	
0.1407	-60.0044832	
0.1408	-60.0046862	
0.1409	-60.0048615	
0.1410	-60.0050105	
0.1411	-60.0051344	
0.1412	-60.0052346	
0.1413	-60.0053126	
0.1414	-60.0053698	
0.1415	-60.0054078	
0.1416	-60.0054282	
0.1417	-60.0054323	
0.1418	-60.0054218	
0.1419	-60.0053981	
0.1420	-60.0053627	
0.1421	-60.005317	
0.1422	-60.0052623	
0.1423	-60.0051999	
0.1424	-60.0051311	
0.1425	-60.005057	
0.1426	-60.0049787	
0.1427	-60.0048973	
0.1428	-60.0048137	
0.1429	-60.0047287	
0.1430	-60.0046433	
0.1431	-60.0045581	
0.1432	-60.0044738	
0.1433	-60.0043909	
0.1434	-60.0043101	
0.1435	-60.0042318	
0.1436	-60.0041563	
0.1437	-60.004084	
0.1438	-60.0040152	
0.1439	-60.0039501	
0.1440	-60.0038888	
0.1441	-60.0038316	
0.1442	-60.0037784	
0.1443	-60.0037294	
0.1444	-60.0036845	
0.1445	-60.0036436	
0.1446	-60.0036068	
0.1447	-60.0035739	
0.1448	-60.0035449	
0.1449	-60.0035195	
0.1450	-60.0034977	
0.1451	-60.0034794	
0.1452	-60.0034642	
0.1453	-60.003452	
0.1454	-60.0034427	
0.1455	-60.0034361	
0.1456	-60.0034319	
0.1457	-60.00343	
0.1458	-60.0034301	
0.1459	-60.003432	
0.1460	-60.0034357	
0.1461	-60.0034408	
0.1462	-60.0034472	
0.1463	-60.0034548	
0.1464	-60.0034633	
0.1465	-60.0034726	
0.1466	-60.0034826	
0.1467	-60.0034931	
0.1468	-60.0035039	
0.1469	-60.0035151	
0.1470	-60.0035263	
0.1471	-60.0035376	
0.1472	-60.0035489	
0.1473	-60.00356	
0.1474	-60.0035709	
0.1475	-60.0035815	
0.1476	-60.0035917	
0.1477	-60.0036016	
0.1478	-60.0036111	
0.1479	-60.0036201	
0.1480	-60.0036286	
0.1481	-60.0036366	
0.1482	-60.003644	
0.1483	-60.003651	
0.1484	-60.0036574	
0.1485	-60.0036632	
0.1486	-60.0036685	
0.1487	-60.0036733	
0.1488	-60.0036775	
0.1489	-60.0036813	
0.1490	-60.0036846	
0.1491	-60.0036874	
0.1492	-60.0036898	
0.1493	-60.0036917	
0.1494	-60.0036933	
0.1495	-60.0036945	
0.1496	-60.0036953	
0.1497	-60.0036958	
0.1498	-60.0036961	
0.1499	-60.003696	
0.1500	-60.0036958	
0.1501	-60.0036953	
0.1502	-60.0036946	
0.1503	-60.0036937	
0.1504	-60.0036927	
0.1505	-60.0036916	
0.1506	-60.0036904	
0.1507	-60.0036891	
0.1508	-60.0036877	
0.1509	-60.0036863	
0.1510	-60.0036848	
0.1511	-60.0036834	
0.1512	-60.0036819	
0.1513	-60.0036804	
0.1514	-60.003679	
0.1515	-60.0036775	
0.1516	-60.0036762	
0.1517	-60.0036748	
0.1518	-60.0036735	
0.1519	-60.0036723	
0.1520	-60.0036711	
0.1521	-60.00367	
0.1522	-60.003669	
0.1523	-60.003668	
0.1524	-60.0036671	
0.1525	-60.0036663	
0.1526	-60.0036655	
0.1527	-60.0036648	
0.1528	-60.0036642	
0.1529	-60.0036637	
0.1530	-60.0036632	
0.1531	-60.0036628	
0.1532	-60.0036624	
0.1533	-60.0036621	
0.1534	-60.0036618	
0.1535	-60.0036616	
0.1536	-60.0036615	
0.1537	-60.0036614	
0.1538	-60.0036613	
0.1539	-60.0036613	
0.1540	-60.0036613	
0.1541	-60.0036613	
0.1542	-60.0036614	
0.1543	-60.0036615	
0.1544	-60.0036616	
0.1545	-60.0036618	
0.1546	-60.0036619	
0.1547	-60.0036621	
0.1548	-60.0036622	
0.1549	-60.0036624	
0.1550	-60.0036626	
0.1551	-60.0036628	
0.1552	-60.003663	
0.1553	-60.0036632	
0.1554	-60.0036634	
0.1555	-60.0036636	
0.1556	-60.0036638	
0.1557	-60.003664	
0.1558	-60.0036641	
0.1559	-60.0036643	
0.1560	-60.0036644	
0.1561	-60.0036646	
0.1562	-60.0036647	
0.1563	-60.0036647	
0.1564	-60.0036647	
0.1565	-60.0036645	
0.1566	-60.003664	
0.1567	-60.003663	
0.1568	-60.0036609	
0.1569	-60.0036568	
0.1570	-60.0036493	
0.1571	-60.0036359	
0.1572	-60.0036124	
0.1573	-60.0035715	
0.1574	-60.0035	
0.1575	-60.0033738	
0.1576	-60.0031463	
0.1577	-60.0027286	
0.1578	-60.0019478	
0.1579	-60.0004664	
0.1580	-59.9976402	
0.1581	-59.9921791	
0.1582	-59.9816416	
0.1583	-59.9613092	
0.1584	-59.9214306	
0.1585	-59.845301	
0.1586	-59.6956878	
0.1587	-59.4031704	
0.1588	-58.8584295	
0.1589	-57.7195834	
0.1590	-55.6528807	
0.1591	-51.6381391	
0.1592	-42.5195594	
0.1593	-26.8286024	
0.1594	21.7539296	
0.1595	34.3936305	
0.1596	14.880694	
0.1597	-5.6175383	
0.1598	-23.6654836	
0.1599	-40.262772	
0.1600	-56.819658	
0.1601	-66.2543008	
0.1602	-69.1981666	
0.1603	-70.113507	
0.1604	-70.3831909	
0.1605	-70.4048739	
0.1606	-70.3115789	
0.1607	-70.154585	
0.1608	-69.9564659	
0.1609	-69.7285931	
0.1610	-69.4775771	
0.1611	-69.2078559	
0.1612	-68.922805	
0.1613	-68.6252343	
0.1614	-68.317613	
0.1615	-68.002172	
0.1616	-67.680948	
0.1617	-67.3558012	
0.1618	-67.0284233	
0.1619	-66.7003421	
0.1620	-66.3729262	
0.1621	-66.0473915	
0.1622	-65.7248092	
0.1623	-65.4061159	
0.1624	-65.0921241	
0.1625	-64.783534	
0.1626	-64.4809458	
0.1627	-64.1848707	
0.1628	-63.8957427	
0.1629	-63.6139296	
0.1630	-63.3397426	
0.1631	-63.0734457	
0.1632	-62.815264	
0.1633	-62.5653909	
0.1634	-62.3239947	
0.1635	-62.0912241	
0.1636	-61.8672126	
0.1637	-61.6520824	
0.1638	-61.445947	
0.1639	-61.2489135	
0.1640	-61.0610832	
0.1641	-60.8825529	
0.1642	-60.7134134	
0.1643	-60.5537496	
0.1644	-60.4036377	
0.1645	-60.2631437	
0.1646	-60.13232	
0.1647	-60.0112023	
0.1648	-59.8998056	
0.1649	-59.7981207	
0.1650	-59.7061099	
0.1651	-59.6237031	
0.1652	-59.5507938	
0.1653	-59.4872362	
0.1654	-59.4328418	
0.1655	-59.3873779	
0.1656	-59.3505659	
0.1657	-59.3220814	
0.1658	-59.3015553	
0.1659	-59.2885754	
0.1660	-59.28269	
0.1661	-59.283412	
0.1662	-59.290224	
0.1663	-59.3025846	
0.1664	-59.3199351	
0.1665	-59.3417062	
0.1666	-59.3673254	
0.1667	-59.3962242	
0.1668	-59.4278446	
0.1669	-59.461646	
0.1670	-59.4971104	
0.1671	-59.5337474	
0.1672	-59.5710984	
0.1673	-59.6087399	
0.1674	-59.6462851	
0.1675	-59.6833864	
0.1676	-59.719735	
0.1677	-59.7550613	
0.1678	-59.7891342	
0.1679	-59.8217595	
0.1680	-59.8527785	
0.1681	-59.8820656	
0.1682	-59.9095263	
0.1683	-59.9350944	
0.1684	-59.9587295	
0.1685	-59.9804146	
0.1686	-60.0001526	
0.1687	-60.0179646	
0.1688	-60.0338861	
0.1689	-60.0479647	
0.1690	-60.0602566	
0.1691	-60.0708214	
0.1692	-60.0797158	
0.1693	-60.0869807	
0.1694	-60.0926207	
0.1695	-60.0965626	
0.1696	-60.098577	
0.1697	-60.0981435	
0.1698	-60.094129	
0.1699	-60.0842968	
0.1700	-60.0643019	
0.1701	-60.0250056	
0.1702	-59.9506879	
0.1703	-59.8073554	
0.1704	-59.5281502	
0.1705	-59.014391	
0.1706	-57.954513	
0.1707	-55.9986203	
0.1708	-52.3496105	
0.1709	-43.831982	
0.1710	-29.5772776	
0.1711	14.4260039	
0.1712	36.0157175	
0.1713	17.4277524	
0.1714	-3.2789153	
0.1715	-21.6231908	
0.1716	-38.2501065	
0.1717	-55.0273587	
0.1718	-65.596927	
0.1719	-68.9999877	
0.1720	-70.0506531	
0.1721	-70.3677643	
0.1722	-70.4094835	
0.1723	-70.3263341	
0.1724	-70.1753996	
0.1725	-69.9814145	
0.1726	-69.7566342	
0.1727	-69.50806	
0.1728	-69.2403151	
0.1729	-68.9568698	
0.1730	-68.6605873	
0.1731	-68.3539723	
0.1732	-68.0392823	
0.1733	-67.7185769	
0.1734	-67.393738	
0.1735	-67.066478	
0.1736	-66.7383448	
0.1737	-66.4107264	
0.1738	-66.0848569	
0.1739	-65.7618248	
0.1740	-65.4425822	
0.1741	-65.1279562	
0.1742	-64.8186599	
0.1743	-64.5153046	
0.1744	-64.2184116	
0.1745	-63.9284235	
0.1746	-63.6457154	
0.1747	-63.3706045	
0.1748	-63.1033599	
0.1749	-62.8442108	
0.1750	-62.5933539	
0.1751	-62.3509602	
0.1752	-62.1171801	
0.1753	-61.8921487	
0.1754	-61.6759891	
0.1755	-61.4688158	
0.1756	-61.2707363	
0.1757	-61.0818526	
0.1758	-60.9022616	
0.1759	-60.7320549	
0.1760	-60.5713179	
0.1761	-60.4201278	
0.1762	-60.2785516	
0.1763	-60.1466433	
0.1764	-60.0244403	
0.1765	-59.91196	
0.1766	-59.8091959	
0.1767	-59.7161134	
0.1768	-59.6326459	
0.1769	-59.558691	
0.1770	-59.4941069	
0.1771	-59.4387099	
0.1772	-59.3922718	
0.1773	-59.3545191	
0.1774	-59.325132	
0.1775	-59.3037461	
0.1776	-59.2899536	
0.1777	-59.2833067	
0.1778	-59.2833218	
0.1779	-59.2894845	
0.1780	-59.3012555	
0.1781	-59.3180777	
0.1782	-59.3393823	
0.1783	-59.3645971	
0.1784	-59.3931526	
0.1785	-59.4244895	
0.1786	-59.4580649	
0.1787	-59.4933583	
0.1788	-59.529876	
0.1789	-59.567156	
0.1790	-59.6047707	
0.1791	-59.6423296	
0.1792	-59.6794806	
0.1793	-59.7159109	
0.1794	-59.7513467	
0.1795	-59.7855529	
0.1796	-59.8183315	
0.1797	-59.8495199	
0.1798	-59.8789892	
0.1799	-59.9066418	
0.1800	-59.9324086	
0.1801	-59.9562471	
0.1802	-59.9781379	
0.1803	-59.9980832	
0.1804	-60.0161033	
0.1805	-60.0322349	
0.1806	-60.0465282	
0.1807	-60.0590453	
0.1808	-60.069858	
0.1809	-60.0790457	
0.1810	-60.0866939	
0.1811	-60.092893	
0.1812	-60.0977362	
0.1813	-60.1013189	
0.1814	-60.1037374	
0.1815	-60.1050879	
0.1816	-60.1054656	
0.1817	-60.1049641	
0.1818	-60.1036748	
0.1819	-60.1016863	
0.1820	-60.0990839	
0.1821	-60.0959493	
0.1822	-60.0923606	
0.1823	-60.0883915	
0.1824	-60.0841114	
0.1825	-60.0795856	
0.1826	-60.0748748	
0.1827	-60.0700352	
0.1828	-60.0651185	
0.1829	-60.060172	
0.1830	-60.0552388	
0.1831	-60.0503574	
0.1832	-60.0455625	
0.1833	-60.0408844	
0.1834	-60.03635	
0.1835	-60.0319821	
0.1836	-60.0278001	
0.1837	-60.0238201	
0.1838	-60.0200551	
0.1839	-60.0165151	
0.1840	-60.0132071	
0.1841	-60.010136	
0.1842	-60.0073041	
0.1843	-60.0047115	
0.1844	-60.0023565	
0.1845	-60.0002356	
0.1846	-59.9983438	
0.1847	-59.9966745	
0.1848	-59.9952203	
0.1849	-59.9939724	
0.1850	-59.9929214	
0.1851	-59.9920571	
0.1852	-59.9913688	
0.1853	-59.9908453	
0.1854	-59.9904753	
0.1855	-59.9902471	
0.1856	-59.9901491	
0.1857	-59.9901697	
0.1858	-59.9902975	
0.1859	-59.9905212	
0.1860	-59.9908299	
0.1861	-59.991213	
0.1862	-59.9916603	
0.1863	-59.9921621	
0.1864	-59.992709	
0.1865	-59.9932924	
0.1866	-59.9939041	
0.1867	-59.9945364	
0.1868	-59.9951821	
0.1869	-59.9958349	
0.1870	-59.9964887	
0.1871	-59.9971381	
0.1872	-59.9977783	
0.1873	-59.9984049	
0.1874	-59.9990143	
0.1875	-59.9996031	
0.1876	-60.0001686	
0.1877	-60.0007082	
0.1878	-60.0012203	
0.1879	-60.0017032	
0.1880	-60.0021559	
0.1881	-60.0025776	
0.1882	-60.0029677	
0.1883	-60.0033263	
0.1884	-60.0036534	
0.1885	-60.0039493	
0.1886	-60.0042147	
0.1887	-60.0044503	
0.1888	-60.0046571	
0.1889	-60.0048361	
0.1890	-60.0049886	
0.1891	-60.0051159	
0.1892	-60.0052193	
0.1893	-60.0053003	
0.1894	-60.0053603	
0.1895	-60.0054009	
0.1896	-60.0054236	
0.1897	-60.0054298	
0.1898	-60.0054211	
0.1899	-60.0053987	
0.1900	-60.0053638	
0.1901	-60.0053173	
0.1902	-60.0052598	
0.1903	-60.0051911	
0.1904	-60.0051098	
0.1905	-60.0050132	
0.1906	-60.0048949	
0.1907	-60.0047431	
0.1908	-60.0045348	
0.1909	-60.0042247	
0.1910	-60.0037259	
0.1911	-60.0028679	
0.1912	-60.0013174	
0.1913	-59.9984378	
0.1914	-59.9929541	
0.1915	-59.9824486	
0.1916	-59.9622604	
0.1917	-59.9227364	
0.1918	-59.8473279	
0.1919	-59.6993462	
0.1920	-59.4097109	
0.1921	-58.8707985	
0.1922	-57.7450892	
0.1923	-55.6959023	
0.1924	-51.737301	
0.1925	-42.7009488	
0.1926	-27.2268771	
0.1927	20.8062551	
0.1928	34.6301416	
0.1929	15.2242919	
0.1930	-5.3044851	
0.1931	-23.3917206	
0.1932	-39.9905602	
0.1933	-56.5852875	
0.1934	-66.1713546	
0.1935	-69.1730961	
0.1936	-70.1056104	
0.1937	-70.3813769	
0.1938	-70.4056582	
0.1939	-70.3136948	
0.1940	-70.1575061	
0.1941	-69.959943	
0.1942	-69.7324907	
0.1943	-69.4818099	
0.1944	-69.2123627	
0.1945	-68.9275367	
0.1946	-68.6301483	
0.1947	-68.3226716	
0.1948	-68.0073407	
0.1949	-67.6861952	
0.1950	-67.3610981	
0.1951	-67.0337438	
0.1952	-66.7056627	
0.1953	-66.378226	
0.1954	-66.052652	
0.1955	-65.7300141	
0.1956	-65.411251	
0.1957	-65.0971771	
0.1958	-64.7884945	
0.1959	-64.4858046	
0.1960	-64.1896202	
0.1961	-63.9003765	
0.1962	-63.6184421	
0.1963	-63.3441292	
0.1964	-63.0777024	
0.1965	-62.8193874	
0.1966	-62.5693781	
0.1967	-62.3278431	
0.1968	-62.0949314	
0.1969	-61.8707768	
0.1970	-61.6555015	
0.1971	-61.4492193	
0.1972	-61.2520371	
0.1973	-61.0640567	
0.1974	-60.8853746	
0.1975	-60.716082	
0.1976	-60.5562637	
0.1977	-60.4059963	
0.1978	-60.2653457	
0.1979	-60.1343646	
0.1980	-60.0130891	
0.1981	-59.9015346	
0.1982	-59.7996923	
0.1983	-59.7075249	
0.1984	-59.6249629	
0.1985	-59.5519005	
0.1986	-59.4881925	
0.1987	-59.4336511	
0.1988	-59.3880443	
0.1989	-59.3510943	
0.1990	-59.3224775	
0.1991	-59.3018254	
0.1992	-59.2887266	
0.1993	-59.2827298	
0.1994	-59.2833486	
0.1995	-59.2900661	
0.1996	-59.3023412	
0.1997	-59.3196153	
0.1998	-59.3413192	
0.1999	-59.3668806	
0.2000	-59.3957306	
0.2001	-59.4273114	
0.2002	-59.4610817	
0.2003	-59.4965231	
0.2004	-59.5331449	
0.2005	-59.5704879	
0.2006	-59.6081279	
0.2007	-59.6456777	
0.2008	-59.6827888	
0.2009	-59.7191519	
0.2010	-59.7544969	
0.2011	-59.7885918	
0.2012	-59.8212421	
0.2013	-59.8522884	
0.2014	-59.8816047	
0.2015	-59.909096	
0.2016	-59.9346958	
0.2017	-59.9583638	
0.2018	-59.9800828	
0.2019	-59.9998565	
0.2020	-60.0177071	
0.2021	-60.0336725	
0.2022	-60.0478041	
0.2023	-60.0601651	
0.2024	-60.070828	
0.2025	-60.0798728	
0.2026	-60.0873858	
0.2027	-60.0934574	
0.2028	-60.0981813	
0.2029	-60.1016531	
0.2030	-60.1039691	
0.2031	-60.1052254	
0.2032	-60.1055172	
0.2033	-60.104938	
0.2034	-60.103579	
0.2035	-60.1015284	
0.2036	-60.0988714	
0.2037	-60.0956894	
0.2038	-60.09206	
0.2039	-60.0880567	
0.2040	-60.0837485	
0.2041	-60.0792002	
0.2042	-60.0744723	
0.2043	-60.0696205	
0.2044	-60.0646961	
0.2045	-60.0597462	
0.2046	-60.0548132	
0.2047	-60.0499355	
0.2048	-60.0451473	
0.2049	-60.0404788	
0.2050	-60.0359562	
0.2051	-60.0316022	
0.2052	-60.0274359	
0.2053	-60.0234731	
0.2054	-60.0197264	
0.2055	-60.0162055	
0.2056	-60.0129175	
0.2057	-60.0098668	
0.2058	-60.0070555	
0.2059	-60.0044836	
0.2060	-60.0021492	
0.2061	-60.0000486	
0.2062	-59.9981766	
0.2063	-59.9965268	
0.2064	-59.9950913	
0.2065	-59.9938614	
0.2066	-59.9928277	
0.2067	-59.9919797	
0.2068	-59.9913069	
0.2069	-59.9907979	
0.2070	-59.9904413	
0.2071	-59.9902256	
0.2072	-59.9901391	
0.2073	-59.9901702	
0.2074	-59.9903074	
0.2075	-59.9905397	
0.2076	-59.9908559	
0.2077	-59.9912456	
0.2078	-59.9916986	
0.2079	-59.9922052	
0.2080	-59.9927562	
0.2081	-59.9933429	
0.2082	-59.9939571	
0.2083	-59.9945913	
0.2084	-59.9952383	
0.2085	-59.9958917	
0.2086	-59.9965456	
0.2087	-59.9971946	
0.2088	-59.997834	
0.2089	-59.9984595	
0.2090	-59.9990674	
0.2091	-59.9996544	
0.2092	-60.0002177	
0.2093	-60.0007552	
0.2094	-60.0012648	
0.2095	-60.0017451	
0.2096	-60.0021951	
0.2097	-60.002614	
0.2098	-60.0030014	
0.2099	-60.0033571	
0.2100	-60.0036814	
0.2101	-60.0039746	
0.2102	-60.0042372	
0.2103	-60.0044702	
0.2104	-60.0046744	
0.2105	-60.004851	
0.2106	-60.0050012	
0.2107	-60.0051262	
0.2108	-60.0052275	
0.2109	-60.0053065	
0.2110	-60.0053647	
0.2111	-60.0054037	
0.2112	-60.0054249	
0.2113	-60.0054299	
0.2114	-60.0054201	
0.2115	-60.0053971	
0.2116	-60.0053624	
0.2117	-60.0053172	
0.2118	-60.005263	
0.2119	-60.0052011	
0.2120	-60.0051327	
0.2121	-60.0050589	
0.2122	-60.004981	
0.2123	-60.0048998	
0.2124	-60.0048164	
0.2125	-60.0047317	
0.2126	-60.0046464	
0.2127	-60.0045613	
0.2128	-60.004477	
0.2129	-60.0043942	
0.2130	-60.0043134	
0.2131	-60.0042351	
0.2132	-60.0041596	
0.2133	-60.0040872	
0.2134	-60.0040184	
0.2135	-60.0039532	
0.2136	-60.0038918	
0.2137	-60.0038345	
0.2138	-60.0037812	
0.2139	-60.003732	
0.2140	-60.003687	
0.2141	-60.003646	
0.2142	-60.003609	
0.2143	-60.003576	
0.2144	-60.0035468	
0.2145	-60.0035213	
0.2146	-60.0034994	
0.2147	-60.0034809	
0.2148	-60.0034656	
0.2149	-60.0034533	
0.2150	-60.0034438	
0.2151	-60.0034371	
0.2152	-60.0034328	
0.2153	-60.0034307	
0.2154	-60.0034307	
0.2155	-60.0034326	
0.2156	-60.0034361	
0.2157	-60.0034411	
0.2158	-60.0034475	
0.2159	-60.003455	
0.2160	-60.0034634	
0.2161	-60.0034727	
0.2162	-60.0034826	
0.2163	-60.003493	
0.2164	-60.0035038	
0.2165	-60.0035149	
0.2166	-60.0035261	
0.2167	-60.0035373	
0.2168	-60.0035485	
0.2169	-60.0035596	
0.2170	-60.0035705	
0.2171	-60.0035811	
0.2172	-60.0035914	
0.2173	-60.0036012	
0.2174	-60.0036107	
0.2175	-60.0036197	
0.2176	-60.0036282	
0.2177	-60.0036362	
0.2178	-60.0036436	
0.2179	-60.0036506	
0.2180	-60.003657	
0.2181	-60.0036628	
0.2182	-60.0036681	
0.2183	-60.0036729	
0.2184	-60.0036772	
0.2185	-60.003681	
0.2186	-60.0036843	
0.2187	-60.0036871	
0.2188	-60.0036895	
0.2189	-60.0036915	
0.2190	-60.003693	
0.2191	-60.0036943	
0.2192	-60.0036951	
0.2193	-60.0036957	
0.2194	-60.0036959	
0.2195	-60.0036959	
0.2196	-60.0036956	
0.2197	-60.0036952	
0.2198	-60.0036945	
0.2199	-60.0036936	
0.2200	-60.0036927	
0.2201	-60.0036916	
0.2202	-60.0036903	
0.2203	-60.003689	
0.2204	-60.0036877	
0.2205	-60.0036863	
0.2206	-60.0036848	
0.2207	-60.0036834	
0.2208	-60.0036819	
0.2209	-60.0036804	
0.2210	-60.003679	
0.2211	-60.0036776	
0.2212	-60.0036762	
0.2213	-60.0036749	
0.2214	-60.0036736	
0.2215	-60.0036723	
0.2216	-60.0036712	
0.2217	-60.0036701	
0.2218	-60.003669	
0.2219	-60.0036681	
0.2220	-60.0036672	
0.2221	-60.0036663	
0.2222	-60.0036656	
0.2223	-60.0036649	
0.2224	-60.0036643	
0.2225	-60.0036637	
0.2226	-60.0036632	
0.2227	-60.0036628	
0.2228	-60.0036624	
0.2229	-60.0036621	
0.2230	-60.0036619	
0.2231	-60.0036617	
0.2232	-60.0036615	
0.2233	-60.0036614	
0.2234	-60.0036614	
0.2235	-60.0036613	
0.2236	-60.0036613	
0.2237	-60.0036614	
0.2238	-60.0036614	
0.2239	-60.0036615	
0.2240	-60.0036616	
0.2241	-60.0036618	
0.2242	-60.0036619	
0.2243	-60.0036621	
0.2244	-60.0036623	
0.2245	-60.0036624	
0.2246	-60.0036626	
0.2247	-60.0036628	
0.2248	-60.003663	
0.2249	-60.0036632	
0.2250	-60.0036634	
0.2251	-60.0036636	
0.2252	-60.0036638	
0.2253	-60.003664	
0.2254	-60.0036641	
0.2255	-60.0036643	
0.2256	-60.0036645	
0.2257	-60.0036646	
0.2258	-60.0036648	
0.2259	-60.0036649	
0.2260	-60.003665	
0.2261	-60.0036651	
0.2262	-60.0036653	
0.2263	-60.0036654	
0.2264	-60.0036654	
0.2265	-60.0036655	
0.2266	-60.0036656	
0.2267	-60.0036657	
0.2268	-60.0036657	
0.2269	-60.0036658	
0.2270	-60.0036658	
0.2271	-60.0036658	
0.2272	-60.0036659	
0.2273	-60.0036659	
0.2274	-60.0036659	
0.2275	-60.0036659	
0.2276	-60.0036659	
0.2277	-60.0036659	
0.2278	-60.0036659	
0.2279	-60.0036659	
0.2280	-60.0036659	
0.2281	-60.0036659	
0.2282	-60.0036659	
0.2283	-60.0036658	
0.2284	-60.0036658	
0.2285	-60.0036658	
0.2286	-60.0036658	
0.2287	-60.0036658	
0.2288	-60.0036657	
0.2289	-60.0036657	
0.2290	-60.0036657	
0.2291	-60.0036657	
0.2292	-60.0036656	
0.2293	-60.0036656	
0.2294	-60.0036656	
0.2295	-60.0036656	
0.2296	-60.0036655	
0.2297	-60.0036655	
0.2298	-60.0036655	
0.2299	-60.0036655	
0.2300	-60.0036655	
0.2301	-60.0036654	
0.2302	-60.0036654	
0.2303	-60.0036654	
0.2304	-60.0036654	
0.2305	-60.0036654	
0.2306	-60.0036654	
0.2307	-60.0036654	
0.2308	-60.0036654	
0.2309	-60.0036653	
0.2310	-60.0036653	
0.2311	-60.0036653	
0.2312	-60.0036653	
0.2313	-60.0036653	
0.2314	-60.0036653	
0.2315	-60.0036653	
0.2316	-60.0036653	
0.2317	-60.0036653	
0.2318	-60.0036653	
0.2319	-60.0036653	
0.2320	-60.0036653	
0.2321	-60.0036653	
0.2322	-60.0036653	
0.2323	-60.0036653	
0.2324	-60.0036653	
0.2325	-60.0036653	
0.2326	-60.0036653	
0.2327	-60.0036653	
0.2328	-60.0036653	
0.2329	-60.0036653	
0.2330	-60.0036653	
0.2331	-60.0036654	
0.2332	-60.0036654	
0.2333	-60.0036654	
0.2334	-60.0036654	
0.2335	-60.0036654	
0.2336	-60.0036654	
0.2337	-60.0036654	
0.2338	-60.0036654	
0.2339	-60.0036654	
0.2340	-60.0036654	
0.2341	-60.0036654	
0.2342	-60.0036654	
0.2343	-60.0036654	
0.2344	-60.0036654	
0.2345	-60.0036654	
0.2346	-60.0036654	
0.2347	-60.0036654	
0.2348	-60.0036654	
0.2349	-60.0036654	
0.2350	-60.0036654	
0.2351	-60.0036654	
0.2352	-60.0036654	
0.2353	-60.0036654	
0.2354	-60.0036654	
0.2355	-60.0036654	
0.2356	-60.0036654	
0.2357	-60.0036654	
0.2358	-60.0036654	
0.2359	-60.0036654	
0.2360	-60.0036654	
0.2361	-60.0036654	
0.2362	-60.0036654	
0.2363	-60.0036654	
0.2364	-60.0036654	
0.2365	-60.0036654	
0.2366	-60.0036654	
0.2367	-60.0036654	
0.2368	-60.0036654	
0.2369	-60.0036654	
0.2370	-60.0036654	
0.2371	-60.0036654	
0.2372	-60.0036654	
0.2373	-60.0036654	
0.2374	-60.0036654	
0.2375	-60.0036654	
0.2376	-60.0036654	
0.2377	-60.0036654	
0.2378	-60.0036654	
0.2379	-60.0036654	
0.2380	-60.0036654	
0.2381	-60.0036654	
0.2382	-60.0036654	
0.2383	-60.0036654	
0.2384	-60.0036654	
0.2385	-60.0036654	
0.2386	-60.0036654	
0.2387	-60.0036654	
0.2388	-60.0036654	
0.2389	-60.0036654	
0.2390	-60.0036654	
0.2391	-60.0036654	
0.2392	-60.0036654	
0.2393	-60.0036654	
0.2394	-60.0036654	
0.2395	-60.0036654	
0.2396	-60.0036654	
0.2397	-60.0036654	
0.2398	-60.0036654	
0.2399	-60.0036654	
0.2400	-60.0036654	
0.2401	-60.0036654	
0.2402	-60.0036654	
0.2403	-60.0036654	
0.2404	-60.0036654	
0.2405	-60.0036654	
0.2406	-60.0036654	
0.2407	-60.0036654	
0.2408	-60.0036654	
0.2409	-60.0036654	
0.2410	-60.0036654	
0.2411	-60.0036654	
0.2412	-60.0036654	
0.2413	-60.0036654	
0.2414	-60.0036654	
0.2415	-60.0036654	
0.2416	-60.0036654	
0.2417	-60.0036654	
0.2418	-60.0036654	
0.2419	-60.0036654	
0.2420	-60.0036654	
0.2421	-60.0036654	
0.2422	-60.0036654	
0.2423	-60.0036654	
0.2424	-60.0036654	
0.2425	-60.0036654	
0.2426	-60.0036654	
0.2427	-60.0036654	
0.2428	-60.0036654	
0.2429	-60.0036654	
0.2430	-60.0036654	
0.2431	-60.0036654	
0.2432	-60.0036654	
0.2433	-60.0036654	
0.2434	-60.0036654	
0.2435	-60.0036654	
0.2436	-60.0036654	
0.2437	-60.0036654	
0.2438	-60.0036654	
0.2439	-60.0036654	
0.2440	-60.0036654	
0.2441	-60.0036654	
0.2442	-60.0036654	
0.2443	-60.0036654	
0.2444	-60.0036654	
0.2445	-60.0036654	
0.2446	-60.0036654	
0.2447	-60.0036654	
0.2448	-60.0036654	
0.2449	-60.0036654	
0.2450	-60.0036654	
0.2451	-60.0036654	
0.2452	-60.0036654	
0.2453	-60.0036654	
0.2454	-60.0036654	
0.2455	-60.0036654	
0.2456	-60.0036654	
0.2457	-60.0036654	
0.2458	-60.0036654	
0.2459	-60.0036654	
0.2460	-60.0036654	
0.2461	-60.0036654	
0.2462	-60.0036654	
0.2463	-60.0036654	
0.2464	-60.0036654	
0.2465	-60.0036654	
0.2466	-60.0036654	
0.2467	-60.0036654	
0.2468	-60.0036654	
0.2469	-60.0036654	
0.2470	-60.0036654	
0.2471	-60.0036654	
0.2472	-60.0036654	
0.2473	-60.0036654	
0.2474	-60.0036654	
0.2475	-60.0036654	
0.2476	-60.0036654	
0.2477	-60.0036654	
0.2478	-60.0036654	
0.2479	-60.0036654	
0.2480	-60.0036654	
0.2481	-60.0036654	
0.2482	-60.0036654	
0.2483	-60.0036654	
0.2484	-60.0036654	
0.2485	-60.0036654	
0.2486	-60.0036654	
0.2487	-60.0036654	
0.2488	-60.0036654	
0.2489	-60.0036654	
0.2490	-60.0036654	
0.2491	-60.0036654	
0.2492	-60.0036654	
0.2493	-60.0036654	
0.2494	-60.0036654	
0.2495	-60.0036654	
0.2496	-60.0036654	
0.2497	-60.0036654	
0.2498	-60.0036654	
0.2499	-60.0036654	
0.2500	-60.0036654	
0.2501	-60.0036654	
0.2502	-60.0036654	
0.2503	-60.0036654	
0.2504	-60.0036654	
0.2505	-60.0036654	
0.2506	-60.0036654	
0.2507	-60.0036654	
0.2508	-60.0036654	
0.2509	-60.0036654	
0.2510	-60.0036654	
0.2511	-60.0036654	
0.2512	-60.0036654	
0.2513	-60.0036654	
0.2514	-60.0036654	
0.2515	-60.0036654	
0.2516	-60.0036654	
0.2517	-60.0036654	
0.2518	-60.0036654	
0.2519	-60.0036654	
0.2520	-60.0036654	
0.2521	-60.0036654	
0.2522	-60.0036654	
0.2523	-60.0036654	
0.2524	-60.0036654	
0.2525	-60.0036654	
0.2526	-60.0036654	
0.2527	-60.0036654	
0.2528	-60.0036654	
0.2529	-60.0036654	
0.2530	-60.0036654	
0.2531	-60.0036654	
0.2532	-60.0036654	
0.2533	-60.0036654	
0.2534	-60.0036654	
0.2535	-60.0036654	
0.2536	-60.0036654	
0.2537	-60.0036654	
0.2538	-60.0036654	
0.2539	-60.0036654	
0.2540	-60.0036654	
0.2541	-60.0036654	
0.2542	-60.0036654	
0.2543	-60.0036654	
0.2544	-60.0036654	
0.2545	-60.0036654	
0.2546	-60.0036654	
0.2547	-60.0036654	
0.2548	-60.0036654	
0.2549	-60.0036654	
0.2550	-60.0036654	
0.2551	-60.0036654	
0.2552	-60.0036654	
0.2553	-60.0036654	
0.2554	-60.0036654	
0.2555	-60.0036654	
0.2556	-60.0036654	
0.2557	-60.0036654	
0.2558	-60.0036654	
0.2559	-60.0036654	
0.2560	-60.0036654	
0.2561	-60.0036654	
0.2562	-60.0036654	
0.2563	-60.0036654	
0.2564	-60.0036654	
0.2565	-60.0036654	
0.2566	-60.0036654	
0.2567	-60.0036654	
0.2568	-60.0036654	
0.2569	-60.0036654	
0.2570	-60.0036654	
0.2571	-60.0036654	
0.2572	-60.0036654	
0.2573	-60.0036654	
0.2574	-60.0036654	
0.2575	-60.0036654	
0.2576	-60.0036654	
0.2577	-60.0036654	
0.2578	-60.0036654	
0.2579	-60.0036654	
0.2580	-60.0036654	
0.2581	-60.0036654	
0.2582	-60.0036654	
0.2583	-60.0036654	
0.2584	-60.0036654	
0.2585	-60.0036654	
0.2586	-60.0036654	
0.2587	-60.0036654	
0.2588	-60.0036654	
0.2589	-60.0036654	
0.2590	-60.0036654	
0.2591	-60.0036654	
0.2592	-60.0036654	
0.2593	-60.0036654	
0.2594	-60.0036654	
0.2595	-60.0036654	
0.2596	-60.0036654	
0.2597	-60.0036654	
0.2598	-60.0036654	
0.2599	-60.0036654	
0.2600	-60.0036654	
0.2601	-60.0036654	
0.2602	-60.0036654	
0.2603	-60.0036654	
0.2604	-60.0036653	
0.2605	-60.0036653	
0.2606	-60.0036652	
0.2607	-60.0036651	
0.2608	-60.0036648	
0.2609	-60.0036643	
0.2610	-60.0036632	
0.2611	-60.0036612	
0.2612	-60.0036573	
0.2613	-60.0036503	
0.2614	-60.0036377	
0.2615	-60.0036156	
0.2616	-60.0035772	
0.2617	-60.0035104	
0.2618	-60.0033925	
0.2619	-60.0031805	
0.2620	-60.0027924	
0.2621	-60.0020683	
0.2622	-60.000696	
0.2623	-59.9980803	
0.2624	-59.9930336	
0.2625	-59.9832824	
0.2626	-59.9645059	
0.2627	-59.9276659	
0.2628	-59.857132	
0.2629	-59.7195149	
0.2630	-59.4480707	
0.2631	-58.9445038	
0.2632	-57.9004684	
0.2633	-55.9593409	
0.2634	-52.3305329	
0.2635	-43.8356507	
0.2636	-29.5780716	
0.2637	14.3998578	
0.2638	35.9976997	
0.2639	17.409669	
0.2640	-3.2965186	
0.2641	-21.6393185	
0.2642	-38.2669942	
0.2643	-55.0430347	
0.2644	-65.6028467	
0.2645	-69.0018877	
0.2646	-70.0514581	
0.2647	-70.3682295	
0.2648	-70.4098358	
0.2649	-70.3266567	
0.2650	-70.1757298	
0.2651	-69.9817732	
0.2652	-69.7570349	
0.2653	-69.5085122	
0.2654	-69.2408259	
0.2655	-68.9574442	
0.2656	-68.6612289	
0.2657	-68.3546829	
0.2658	-68.0400624	
0.2659	-67.7194259	
0.2660	-67.3946541	
0.2661	-67.0674585	
0.2662	-66.7393862	
0.2663	-66.4118244	
0.2664	-66.0860068	
0.2665	-65.7630215	
0.2666	-65.4438203	
0.2667	-65.1292301	
0.2668	-64.8199637	
0.2669	-64.5166326	
0.2670	-64.219758	
0.2671	-63.9297826	
0.2672	-63.6470814	
0.2673	-63.371972	
0.2674	-63.1047234	
0.2675	-62.8455649	
0.2676	-62.5946935	
0.2677	-62.3522802	
0.2678	-62.1184756	
0.2679	-61.8934148	
0.2680	-61.6772213	
0.2681	-61.4700095	
0.2682	-61.271887	
0.2683	-61.0829561	
0.2684	-60.9033138	
0.2685	-60.7330519	
0.2686	-60.572256	
0.2687	-60.4210034	
0.2688	-60.2793615	
0.2689	-60.1473845	
0.2690	-60.0251101	
0.2691	-59.9125562	
0.2692	-59.8097166	
0.2693	-59.7165573	
0.2694	-59.6330121	
0.2695	-59.5589791	
0.2696	-59.4943173	
0.2697	-59.4388435	
0.2698	-59.3923302	
0.2699	-59.3545044	
0.2700	-59.3250472	
0.2701	-59.3035945	
0.2702	-59.2897393	
0.2703	-59.2830343	
0.2704	-59.2829963	
0.2705	-59.2891114	
0.2706	-59.3008406	
0.2707	-59.3176268	
0.2708	-59.3389017	
0.2709	-59.3640928	
0.2710	-59.3926307	
0.2711	-59.4239559	
0.2712	-59.4575253	
0.2713	-59.4928181	
0.2714	-59.5293402	
0.2715	-59.5666291	
0.2716	-59.604257	
0.2717	-59.6418327	
0.2718	-59.6790038	
0.2719	-59.7154569	
0.2720	-59.7509177	
0.2721	-59.7851508	
0.2722	-59.8179575	
0.2723	-59.8491749	
0.2724	-59.8786739	
0.2725	-59.9063563	
0.2726	-59.9321528	
0.2727	-59.9560205	
0.2728	-59.9779399	
0.2729	-59.9979129	
0.2730	-60.0159597	
0.2731	-60.0321167	
0.2732	-60.0464341	
0.2733	-60.0589739	
0.2734	-60.0698077	
0.2735	-60.079015	
0.2736	-60.0866813	
0.2737	-60.0928968	
0.2738	-60.0977549	
0.2739	-60.101351	
0.2740	-60.1037813	
0.2741	-60.1051422	
0.2742	-60.1055288	
0.2743	-60.1050349	
0.2744	-60.1037519	
0.2745	-60.1017684	
0.2746	-60.09917	
0.2747	-60.0960383	
0.2748	-60.0924514	
0.2749	-60.0884833	
0.2750	-60.0842033	
0.2751	-60.0796769	
0.2752	-60.0749648	
0.2753	-60.0701233	
0.2754	-60.0652042	
0.2755	-60.0602548	
0.2756	-60.0553183	
0.2757	-60.0504333	
0.2758	-60.0456345	
0.2759	-60.0409524	
0.2760	-60.0364137	
0.2761	-60.0320414	
0.2762	-60.027855	
0.2763	-60.0238706	
0.2764	-60.0201012	
0.2765	-60.0165568	
0.2766	-60.0132446	
0.2767	-60.0101694	
0.2768	-60.0073334	
0.2769	-60.004737	
0.2770	-60.0023783	
0.2771	-60.0002539	
0.2772	-59.9983587	
0.2773	-59.9966864	
0.2774	-59.9952292	
0.2775	-59.9939787	
0.2776	-59.9929252	
0.2777	-59.9920587	
0.2778	-59.9913683	
0.2779	-59.990843	
0.2780	-59.9904713	
0.2781	-59.9902416	
0.2782	-59.9901424	
0.2783	-59.9901619	
0.2784	-59.9902888	
0.2785	-59.9905117	
0.2786	-59.9908198	
0.2787	-59.9912025	
0.2788	-59.9916494	
0.2789	-59.992151	
0.2790	-59.9926978	
0.2791	-59.9932812	
0.2792	-59.993893	
0.2793	-59.9945254	
0.2794	-59.9951714	
0.2795	-59.9958244	
0.2796	-59.9964785	
0.2797	-59.9971283	
0.2798	-59.9977689	
0.2799	-59.998396	
0.2800	-59.9990058	
0.2801	-59.9995951	
0.2802	-60.000161	
0.2803	-60.0007012	
0.2804	-60.0012137	
0.2805	-60.0016971	
0.2806	-60.0021503	
0.2807	-60.0025724	
0.2808	-60.002963	
0.2809	-60.003322	
0.2810	-60.0036495	
0.2811	-60.0039458	
0.2812	-60.0042116	
0.2813	-60.0044476	
0.2814	-60.0046547	
0.2815	-60.0048341	
0.2816	-60.0049869	
0.2817	-60.0051145	
0.2818	-60.0052181	
0.2819	-60.0052994	
0.2820	-60.0053597	
0.2821	-60.0054005	
0.2822	-60.0054235	
0.2823	-60.0054301	
0.2824	-60.0054218	
0.2825	-60.0054001	
0.2826	-60.0053664	
0.2827	-60.0053223	
0.2828	-60.005269	
0.2829	-60.0052078	
0.2830	-60.00514	
0.2831	-60.0050667	
0.2832	-60.0049892	
0.2833	-60.0049083	
0.2834	-60.0048251	
0.2835	-60.0047404	
0.2836	-60.0046551	
0.2837	-60.00457	
0.2838	-60.0044856	
0.2839	-60.0044027	
0.2840	-60.0043216	
0.2841	-60.004243	
0.2842	-60.0041672	
0.2843	-60.0040945	
0.2844	-60.0040253	
0.2845	-60.0039597	
0.2846	-60.003898	
0.2847	-60.0038402	
0.2848	-60.0037865	
0.2849	-60.0037369	
0.2850	-60.0036914	
0.2851	-60.00365	
0.2852	-60.0036126	
0.2853	-60.0035792	
0.2854	-60.0035497	
0.2855	-60.0035238	
0.2856	-60.0035015	
0.2857	-60.0034826	
0.2858	-60.003467	
0.2859	-60.0034544	
0.2860	-60.0034447	
0.2861	-60.0034377	
0.2862	-60.0034331	
0.2863	-60.0034308	
0.2864	-60.0034306	
0.2865	-60.0034323	
0.2866	-60.0034357	
0.2867	-60.0034406	
0.2868	-60.0034468	
0.2869	-60.0034541	
0.2870	-60.0034625	
0.2871	-60.0034717	
0.2872	-60.0034815	
0.2873	-60.0034919	
0.2874	-60.0035027	
0.2875	-60.0035137	
0.2876	-60.0035249	
0.2877	-60.0035362	
0.2878	-60.0035474	
0.2879	-60.0035585	
0.2880	-60.0035694	
0.2881	-60.00358	
0.2882	-60.0035903	
0.2883	-60.0036002	
0.2884	-60.0036097	
0.2885	-60.0036188	
0.2886	-60.0036273	
0.2887	-60.0036354	
0.2888	-60.0036429	
0.2889	-60.0036499	
0.2890	-60.0036563	
0.2891	-60.0036622	
0.2892	-60.0036676	
0.2893	-60.0036725	
0.2894	-60.0036768	
0.2895	-60.0036806	
0.2896	-60.003684	
0.2897	-60.0036868	
0.2898	-60.0036893	
0.2899	-60.0036913	
0.2900	-60.0036929	
0.2901	-60.0036941	
0.2902	-60.003695	
0.2903	-60.0036956	
0.2904	-60.0036959	
0.2905	-60.0036959	
0.2906	-60.0036957	
0.2907	-60.0036952	
0.2908	-60.0036946	
0.2909	-60.0036937	
0.2910	-60.0036928	
0.2911	-60.0036917	
0.2912	-60.0036905	
0.2913	-60.0036892	
0.2914	-60.0036878	
0.2915	-60.0036864	
0.2916	-60.003685	
0.2917	-60.0036835	
0.2918	-60.003682	
0.2919	-60.0036806	
0.2920	-60.0036791	
0.2921	-60.0036777	
0.2922	-60.0036763	
0.2923	-60.003675	
0.2924	-60.0036737	
0.2925	-60.0036725	
0.2926	-60.0036713	
0.2927	-60.0036702	
0.2928	-60.0036691	
0.2929	-60.0036682	
0.2930	-60.0036673	
0.2931	-60.0036664	
0.2932	-60.0036657	
0.2933	-60.003665	
0.2934	-60.0036643	
0.2935	-60.0036638	
0.2936	-60.0036633	
0.2937	-60.0036628	
0.2938	-60.0036625	
0.2939	-60.0036622	
0.2940	-60.0036619	
0.2941	-60.0036617	
0.2942	-60.0036615	
0.2943	-60.0036614	
0.2944	-60.0036614	
0.2945	-60.0036613	
0.2946	-60.0036613	
0.2947	-60.0036614	
0.2948	-60.0036614	
0.2949	-60.0036615	
0.2950	-60.0036616	
0.2951	-60.0036618	
0.2952	-60.0036619	
0.2953	-60.0036621	
0.2954	-60.0036622	
0.2955	-60.0036624	
0.2956	-60.0036626	
0.2957	-60.0036628	
0.2958	-60.003663	
0.2959	-60.0036632	
0.2960	-60.0036634	
0.2961	-60.0036636	
0.2962	-60.0036637	
0.2963	-60.0036639	
0.2964	-60.0036641	
0.2965	-60.0036643	
0.2966	-60.0036644	
0.2967	-60.0036646	
0.2968	-60.0036647	
0.2969	-60.0036649	
0.2970	-60.003665	
0.2971	-60.0036651	
0.2972	-60.0036652	
0.2973	-60.0036653	
0.2974	-60.0036654	
0.2975	-60.0036655	
0.2976	-60.0036656	
0.2977	-60.0036657	
0.2978	-60.0036657	
0.2979	-60.0036658	
0.2980	-60.0036658	
0.2981	-60.0036658	
0.2982	-60.0036659	
0.2983	-60.0036659	
0.2984	-60.0036659	
0.2985	-60.0036659	
0.2986	-60.0036659	
0.2987	-60.0036659	
0.2988	-60.0036659	
0.2989	-60.0036659	
0.2990	-60.0036659	
0.2991	-60.0036659	
0.2992	-60.0036659	
0.2993	-60.0036658	
0.2994	-60.0036658	
0.2995	-60.0036658	
0.2996	-60.0036658	
0.2997	-60.0036658	
0.2998	-60.0036657	
0.2999	-60.0036657	
0.3000	-60.0036657	
